GET / /api/tasks 1690550946817GET / /api/tasks 1690550950311POST / /api/tasks 1690550971785GET / /api/tasks 1690551025286
GET / /api/tasks 1690551026610
GET / /api/tasks 1690551027559
GET / /api/tasks 1690551028310
GET / /api/tasks 1690551028993
GET / /api/tasks 1690551029344
GET / /api/tasks 1690551030066
GET / /api/tasks 1690551030549
GET / /api/tasks 1690551091751
GET / /api/tasks 1690551166943
GET / /api/tasks 1690551168026
GET / /api/tasks/56785 1690551170732
PUT / /api/tasks/785/ 1690551177309
PUT / /api/tasks/785/ 1690551371893
PUT / /api/tasks/785/ 1690551405340
GET / /api/tasks 1690564785309
GET /api/tasks 1690565084172
GET /api/tasks 1690565542619
GET /api/tasks 1690565629734
POST /api/tasks 1690565638567
POST /api/tasks 1690565864836
POST /api/tasks 1690566634311
POST /api/tasks 1690889334596
POST /api/tasks 1690889365710
PUT /api/tasks/vpmecad9e6g/ 1690890552564
PUT /api/tasks/vpmecad9e6g/ 1690890597910
PUT /api/tasks/vpmecad9e6g/ 1690894487509
PUT /api/tasks/0.9eubj0hv4jt/ 1690894545878
DELETE /api/tasks/0.9eubj0hv4jt/ 1690895626325
DELETE /api/tasks/0.9eubj0hv4jt/ 1690895687044
DELETE /api/tasks/pitnev354u/ 1690895708569
DELETE /api/tasks/a/ 1690895748550
PUT /api/tasks/vpmecad9e6g/ 1690896801726
PUT /api/tasks/vpmecad9e6g/ 1690897135306
